

HI-TECH Software PICC Macro Assembler V9.65 build 4410 
                                                      Sat Oct 28 11:31:18 2023

HI-TECH Software Omniscient Code Generator build 4410
     1  0000                     opt subtitle "HI-TECH Software Omniscient Code 
                                 Generator build 4410"
     2                           
     3                           	processor	16F877A
     4                           clrc	macro
     5                           	bcf	status,0
     6  0000                     	endm
     7                           clrz	macro
     8                           	bcf	status,2
     9  0000                     	endm
    10                           setc	macro
    11                           	bsf	status,0
    12  0000                     	endm
    13                           setz	macro
    14                           	bsf	status,2
    15  0000                     	endm
    16                           skipc	macro
    17                           	btfss	status,0
    18  0000                     	endm
    19                           skipz	macro
    20                           	btfss	status,2
    21  0000                     	endm
    22                           skipnc	macro
    23                           	btfsc	status,0
    24  0000                     	endm
    25                           skipnz	macro
    26                           	btfsc	status,2
    27  0000                     	endm
    28  0000                     indf	equ	0
    29  0000                     indf0	equ	0
    30  0000                     pc	equ	2
    31  0000                     pcl	equ	2
    32  0000                     status	equ	3
    33  0000                     fsr	equ	4
    34  0000                     fsr0	equ	4
    35  0000                     c	equ	1
    36  0000                     z	equ	0
    37  0000                     pclath	equ	10
    38                           # 2 "F:\CVEA\embedded\LCD 1\lcd1.c"
    39                           	psect config,class=CONFIG,delta=2 ;#
    40                           # 2 "F:\CVEA\embedded\LCD 1\lcd1.c"
    41  2007  3F3A               	dw 0x3F3A ;#
    42                           global __tempreg
    43  0000                     __tempreg	set	112
    44                           global __Lrdata_0, __Hrdata_0
    45  0000                     __Lrdata_0	equ	0x0
    46  0000                     __Hrdata_0	equ	0x1
    47                           global __Lramdata, __Lrdata_0, __Hramdata, __Hr
                                 data_0
    48  0000                     __Lramdata	set	__Lrdata_0
    49  0000                     __Hramdata	set	__Hrdata_0
    50                           	GLOBAL	__databank
    51  0000                     __databank	EQU	0
    52  0000                     _data_a	equ	??_data+0
    53                           	global	_data_a
    54  0000                     _cmd_b	equ	??_cmd+0
    55                           	global	_cmd_b
    56  0000                     _delay_x	equ	?_delay+0
    57                           	global	_delay_x
    58                           ;Data sizes: Strings 17, constant 0, data 0, bs
                                 s 0, persistent 0 stack 4
    59                           	global	_main
    60                           	global	??_main
    61                           	global	?_main
    62                           
    63                           ; *************** function _main **************
                                 *
    64                           ; Defined at:
    65                           ;		line 62 in file "F:\CVEA\embedded\LCD 1\lcd1
                                 .c"
    66                           ; Parameters:
    67                           ;		None
    68                           ; Auto variables:
    69                           ;		None
    70                           ; Return value:
    71                           ;		type: void 
    72                           ;		size: 0
    73                           ; Registers used:
    74                           ;		wreg, status,2, status,0, pclath, cstack
    75                           ; Tracked objects:
    76                           ;		On entry : BFF/0
    77                           ;		On exit  : 0/0
    78                           ;		Unchanged: 0/0
    79                           ; Data sizes:
    80                           ;		Autos:    0
    81                           ;		Params:   0
    82                           ;		Temp:     0
    83                           ;		Total:    0
    84                           ; This function calls:
    85                           ;		_cmd
    86                           ;		_data
    87                           ;		_delay
    88                           ; This function is called by:
    89                           ;		Startup code after reset
    90                           ; This function uses a non-reentrant model
    91                           ; 
    92                           	psect	maintext,class=CODE,delta=2
    93                           	file	"F:\CVEA\embedded\LCD 1\lcd1.c"
    94                           	line	62
    95                           	psect	maintext
    96                           ;lcd1.c: 61: void main()
    97                           ;lcd1.c: 62: {
    98                           	
    99  0003                     _main:	
   100                           	opt stack 7
   101                           ; Regs used in _main: [wreg+status,2+status,0+p
                                 clath+cstack]
   102                           	line	63
   103                           ;lcd1.c: 63: TRISC=0x00;
   104  0003  1003               	clrc
   105  0004  1683               	bsf	status, 5	;RP0=1, select bank1
   106  0005  1303               	bcf	status, 6	;RP2=0, select bank1
   107                           	
   108  0006  3000               	movlw	0
   109  0007  1803               	btfsc	status,0
   110  0008  3001               	movlw	1
   111  0009  0087               	movwf	(135)^080h	;volatile
   112                           	line	64
   113                           ;lcd1.c: 64: PORTC=0x07;
   114  000A  3007               	movlw	(07h)
   115  000B  1283               	bcf	status, 5	;RP0=0, select bank0
   116  000C  1303               	bcf	status, 6	;RP2=0, select bank0
   117                           	
   118  000D  0087               	movwf	(7)	;volatile
   119                           	line	65
   120                           ;lcd1.c: 65: TRISD=0x00;
   121  000E  1003               	clrc
   122  000F  1683               	bsf	status, 5	;RP0=1, select bank1
   123  0010  1303               	bcf	status, 6	;RP2=0, select bank1
   124                           	
   125  0011  3000               	movlw	0
   126  0012  1803               	btfsc	status,0
   127  0013  3001               	movlw	1
   128  0014  0088               	movwf	(136)^080h	;volatile
   129                           	line	66
   130                           ;lcd1.c: 66: PORTD=0xFF;
   131  0015  1283               	bcf	status, 5	;RP0=0, select bank0
   132  0016  1303               	bcf	status, 6	;RP2=0, select bank0
   133                           	
   134  0017  30FF               	movlw	0ffh
   135  0018  0088               	movwf	(8)	;volatile
   136                           	line	67
   137                           ;lcd1.c: 67: cmd(0x38);
   138  0019  3038               	movlw	(038h)
   139  001A  120A  118A  274A   	fcall	_cmd
              120A  118A         
   140                           	line	68
   141                           ;lcd1.c: 68: cmd(0x0F);
   142  001F  300F               	movlw	(0Fh)
   143  0020  120A  118A  274A   	fcall	_cmd
              120A  118A         
   144                           	line	69
   145                           ;lcd1.c: 69: while(1)
   146                           	
   147  0025                     l20:	
   148                           	line	71
   149                           ;lcd1.c: 70: {
   150                           ;lcd1.c: 71: cmd(0x80);
   151  0025  3080               	movlw	(080h)
   152  0026  120A  118A  274A   	fcall	_cmd
              120A  118A         
   153                           	line	72
   154                           ;lcd1.c: 72: data("Yesvanth");
   155  002B  3001               	movlw	((STR_1-__stringbase))&0ffh
   156  002C  120A  118A  2720   	fcall	_data
              120A  118A         
   157                           	line	73
   158                           ;lcd1.c: 73: delay(65000);
   159  0031  30E8               	movlw	low(0FDE8h)
   160                           	
   161  0032  00F2               	movwf	(?_delay)
   162  0033  30FD               	movlw	high(0FDE8h)
   163  0034  00F3               	movwf	((?_delay))+1
   164  0035  120A  118A  275F   	fcall	_delay
              120A  118A         
   165                           	line	74
   166                           ;lcd1.c: 74: cmd(0xC0);
   167  003A  30C0               	movlw	(0C0h)
   168  003B  120A  118A  274A   	fcall	_cmd
              120A  118A         
   169                           	line	75
   170                           ;lcd1.c: 75: data("Krishna");
   171  0040  300A               	movlw	((STR_2-__stringbase))&0ffh
   172  0041  120A  118A  2720   	fcall	_data
              120A  118A         
   173                           	line	76
   174                           ;lcd1.c: 76: delay(65000);
   175  0046  30E8               	movlw	low(0FDE8h)
   176                           	
   177  0047  00F2               	movwf	(?_delay)
   178  0048  30FD               	movlw	high(0FDE8h)
   179  0049  00F3               	movwf	((?_delay))+1
   180  004A  120A  118A  275F   	fcall	_delay
              120A  118A         
   181                           	line	77
   182                           	
   183  004F                     l19:	
   184                           	line	69
   185  004F  2825               	goto	l20
   186                           	global	start
   187  0050  120A  118A  2800   	ljmp	start
   188                           	psect	maintext
   189                           	opt stack 0
   190                           ; =============== function _main ends =========
                                 ======
   191                           
   192                           GLOBAL __end_of_main
   193  0053                     	__end_of_main:
   194                           	FNSIZE	_main,0,0
   195                           	line	78
   196                           	signat	_main,88
   197                           	global	_data
   198                           	global	??_data
   199                           	global	?_data
   200                           
   201                           ; *************** function _data **************
                                 *
   202                           ; Defined at:
   203                           ;		line 28 in file "F:\CVEA\embedded\LCD 1\lcd1
                                 .c"
   204                           ; Parameters:
   205                           ;		a           	reg:   wr	type: PTR unsigned ch
                                 ar ; Largest target is 9
   206                           ;		 -> STR_2(8), STR_1(9), 
   207                           ; Auto variables:
   208                           ;		a           	       	type: PTR unsigned char
                                  ; Largest target is 9
   209                           ;		 -> STR_2(8), STR_1(9), 
   210                           ; Return value:
   211                           ;		type: void 
   212                           ;		size: 0
   213                           ; Registers used:
   214                           ;		wreg, status,2, status,0, pclath, cstack
   215                           ; Tracked objects:
   216                           ;		On entry : 0/0
   217                           ;		On exit  : 0/0
   218                           ;		Unchanged: 0/0
   219                           ; Data sizes:
   220                           ;		Autos:    1
   221                           ;		Params:   0
   222                           ;		Temp:     1
   223                           ;		Total:    2
   224                           ; This function calls:
   225                           ;		_delay
   226                           ; This function is called by:
   227                           ;		_main
   228                           ; This function uses a non-reentrant model
   229                           ; 
   230                           	psect	text29,local,class=CODE,delta=2
   231                           	file	"F:\CVEA\embedded\LCD 1\lcd1.c"
   232                           	line	28
   233                           ;lcd1.c: 27: void data(char *a)
   234                           ;lcd1.c: 28: {
   235                           	
   236  0720                     _data:	
   237                           	opt stack 6
   238                           ; Regs used in _data: [wreg+status,2+status,0+p
                                 clath+cstack]
   239                           ;_data_a stored from wreg
   240                           	
   241  0720  00F0               	movwf	(_data_a)
   242                           	line	29
   243                           ;lcd1.c: 29: RC0=1;
   244  0721  1283               	bcf	status, 5	;RP0=0, select bank0
   245  0722  1303               	bcf	status, 6	;RP2=0, select bank0
   246  0723  1407               	bsf	(56/8),(56)&7
   247                           	line	30
   248                           ;lcd1.c: 30: while(*a!='\0')
   249  0724  2F3E               	goto	l8
   250                           	
   251  0725                     l9:	
   252                           	line	32
   253                           ;lcd1.c: 31: {
   254                           ;lcd1.c: 32: RC1=0;
   255  0725  1087               	bcf	(57/8),(57)&7
   256                           	line	33
   257                           ;lcd1.c: 33: RC2=1;
   258  0726  1507               	bsf	(58/8),(58)&7
   259                           	line	34
   260                           ;lcd1.c: 34: PORTD=*a;
   261                           	
   262  0727  0870               	movf	(_data_a),w
   263                           	
   264  0728  120A  118A  2709   	fcall	stringdir
              120A  118A         
   265                           	
   266  072D  0088               	movwf	(8)	;volatile
   267                           	line	35
   268                           ;lcd1.c: 35: delay(65000);
   269  072E  30E8               	movlw	low(0FDE8h)
   270                           	
   271  072F  00F2               	movwf	(?_delay)
   272  0730  30FD               	movlw	high(0FDE8h)
   273  0731  00F3               	movwf	((?_delay))+1
   274  0732  120A  118A  275F   	fcall	_delay
              120A  118A         
   275                           	line	36
   276                           ;lcd1.c: 36: RC2=0;
   277  0737  1283               	bcf	status, 5	;RP0=0, select bank0
   278  0738  1303               	bcf	status, 6	;RP2=0, select bank0
   279  0739  1107               	bcf	(58/8),(58)&7
   280                           	line	37
   281                           ;lcd1.c: 37: a++;
   282  073A  3001               	movlw	(01h)
   283  073B  00F1               	movwf	(??_data+1+0)
   284                           	
   285  073C  0871               	movf	(??_data+1+0),w
   286  073D  07F0               	addwf	(_data_a),f
   287                           	line	38
   288                           	
   289  073E                     l8:	
   290                           	line	30
   291                           	
   292  073E  0870               	movf	(_data_a),w
   293                           	
   294  073F  120A  118A  2709   	fcall	stringdir
              120A  118A         
   295  0744  3800               	iorlw	0
   296  0745  1D03               	skipz
   297  0746  2F48               	goto	u41
   298  0747  2F49               	goto	u40
   299  0748                     u41:
   300  0748  2F25               	goto	l9
   301  0749                     u40:
   302                           	
   303  0749                     l10:	
   304                           	line	39
   305                           ;lcd1.c: 38: }
   306                           ;lcd1.c: 39: }
   307  0749                     l7:	
   308  0749  0008               	return
   309                           	psect	text30,local,class=CODE,delta=2
   310                           	opt stack 0
   311                           ; =============== function _data ends =========
                                 ======
   312                           
   313                           GLOBAL __end_of_data
   314  074A                     	__end_of_data:
   315                           	FNSIZE	_data,2,0
   316                           	signat	_data,4216
   317                           	global	_cmd
   318                           	global	??_cmd
   319                           	global	?_cmd
   320                           
   321                           ; *************** function _cmd ***************
   322                           ; Defined at:
   323                           ;		line 10 in file "F:\CVEA\embedded\LCD 1\lcd1
                                 .c"
   324                           ; Parameters:
   325                           ;		b           	reg:   wr	type: unsigned char 
   326                           ; Auto variables:
   327                           ;		b           	       	type: unsigned char 
   328                           ; Return value:
   329                           ;		type: void 
   330                           ;		size: 0
   331                           ; Registers used:
   332                           ;		wreg, status,2, status,0, pclath, cstack
   333                           ; Tracked objects:
   334                           ;		On entry : 0/0
   335                           ;		On exit  : 0/0
   336                           ;		Unchanged: 0/0
   337                           ; Data sizes:
   338                           ;		Autos:    1
   339                           ;		Params:   0
   340                           ;		Temp:     0
   341                           ;		Total:    1
   342                           ; This function calls:
   343                           ;		_delay
   344                           ; This function is called by:
   345                           ;		_main
   346                           ; This function uses a non-reentrant model
   347                           ; 
   348                           	file	"F:\CVEA\embedded\LCD 1\lcd1.c"
   349                           	line	10
   350                           ;lcd1.c: 9: void cmd(char b)
   351                           ;lcd1.c: 10: {
   352                           	
   353  074A                     _cmd:	
   354                           	opt stack 6
   355                           ; Regs used in _cmd: [wreg+status,2+status,0+pc
                                 lath+cstack]
   356                           ;_cmd_b stored from wreg
   357                           	
   358  074A  00F0               	movwf	(_cmd_b)
   359                           	line	11
   360                           ;lcd1.c: 11: RC0=0;
   361  074B  1283               	bcf	status, 5	;RP0=0, select bank0
   362  074C  1303               	bcf	status, 6	;RP2=0, select bank0
   363  074D  1007               	bcf	(56/8),(56)&7
   364                           	line	12
   365                           ;lcd1.c: 12: RC1=0;
   366  074E  1087               	bcf	(57/8),(57)&7
   367                           	line	13
   368                           ;lcd1.c: 13: RC2=1;
   369  074F  1507               	bsf	(58/8),(58)&7
   370                           	line	14
   371                           ;lcd1.c: 14: PORTD=b;
   372                           	
   373  0750  0870               	movf	(_cmd_b),w
   374                           	
   375                           	
   376  0751  0088               	movwf	(8)	;volatile
   377                           	line	15
   378                           ;lcd1.c: 15: delay(65000);
   379  0752  30E8               	movlw	low(0FDE8h)
   380                           	
   381  0753  00F2               	movwf	(?_delay)
   382  0754  30FD               	movlw	high(0FDE8h)
   383  0755  00F3               	movwf	((?_delay))+1
   384  0756  120A  118A  275F   	fcall	_delay
              120A  118A         
   385                           	line	16
   386                           ;lcd1.c: 16: RC2=0;
   387  075B  1283               	bcf	status, 5	;RP0=0, select bank0
   388  075C  1303               	bcf	status, 6	;RP2=0, select bank0
   389  075D  1107               	bcf	(58/8),(58)&7
   390                           	line	17
   391                           ;lcd1.c: 17: }
   392  075E                     l5:	
   393  075E  0008               	return
   394                           	psect	text31,local,class=CODE,delta=2
   395                           	opt stack 0
   396                           ; =============== function _cmd ends ==========
                                 =====
   397                           
   398                           GLOBAL __end_of_cmd
   399  075F                     	__end_of_cmd:
   400                           	FNSIZE	_cmd,1,0
   401                           	signat	_cmd,4216
   402                           	global	_delay
   403                           	global	??_delay
   404                           	global	?_delay
   405                           
   406                           ; *************** function _delay *************
                                 **
   407                           ; Defined at:
   408                           ;		line 5 in file "F:\CVEA\embedded\LCD 1\lcd1.
                                 c"
   409                           ; Parameters:
   410                           ;		x           	offs:   0	type: unsigned int 
   411                           ; Auto variables:
   412                           ;		None
   413                           ; Return value:
   414                           ;		type: void 
   415                           ;		size: 0
   416                           ; Registers used:
   417                           ;		wreg
   418                           ; Tracked objects:
   419                           ;		On entry : 0/0
   420                           ;		On exit  : 0/0
   421                           ;		Unchanged: 0/0
   422                           ; Data sizes:
   423                           ;		Autos:    0
   424                           ;		Params:   2
   425                           ;		Temp:     0
   426                           ;		Total:    2
   427                           ; This function calls:
   428                           ;		Nothing
   429                           ; This function is called by:
   430                           ;		_cmd
   431                           ;		_data
   432                           ;		_main
   433                           ; This function uses a non-reentrant model
   434                           ; 
   435                           	file	"F:\CVEA\embedded\LCD 1\lcd1.c"
   436                           	line	5
   437                           ;lcd1.c: 2: asm("\tpsect config,class=CONFIG,de
                                 lta=2"); asm("\tdw ""0x3F3A");
   438                           ;lcd1.c: 4: void delay(unsigned int x)
   439                           ;lcd1.c: 5: {
   440                           	
   441  075F                     _delay:	
   442                           	opt stack 5
   443                           ; Regs used in _delay: [wreg]
   444                           	line	6
   445                           ;lcd1.c: 6: while(x--);
   446  075F  2F60               	goto	l2
   447                           	
   448  0760                     l2:	
   449                           	
   450  0760  3001               	movlw	low(01h)
   451  0761  02F2               	subwf	(_delay_x),f
   452  0762  3000               	movlw	high(01h)
   453  0763  1C03               	skipc
   454  0764  03F3               	decf	(_delay_x+1),f
   455  0765  02F3               	subwf	(_delay_x+1),f
   456  0766  30FF               	movlw	high(0FFFFh)
   457  0767  0673               	xorwf	((_delay_x+1))&07fh,w
   458  0768  1D03               	skipz
   459  0769  2F6C               	goto	u35
   460  076A  30FF               	movlw	low(0FFFFh)
   461  076B  0672               	xorwf	((_delay_x))&07fh,w
   462  076C                     u35:
   463                           
   464  076C  1D03               	skipz
   465  076D  2F6F               	goto	u31
   466  076E  2F70               	goto	u30
   467  076F                     u31:
   468  076F  2F60               	goto	l2
   469  0770                     u30:
   470                           	
   471  0770                     l4:	
   472                           	line	7
   473                           ;lcd1.c: 7: }
   474  0770                     l1:	
   475  0770  0008               	return
   476                           	psect	text32,local,class=CODE,delta=2
   477                           	opt stack 0
   478                           ; =============== function _delay ends ========
                                 =======
   479                           
   480                           GLOBAL __end_of_delay
   481  0771                     	__end_of_delay:
   482                           	FNSIZE	_delay,0,2
   483                           	signat	_delay,4216
   484                           	FNCALL	_main,_cmd
   485                           	FNCALL	_main,_data
   486                           	FNCALL	_main,_delay
   487                           	FNCALL	_data,_delay
   488                           	FNCALL	_cmd,_delay
   489                           	FNROOT	_main
   490                           	psect	strings,class=CODE,delta=2,reloc=256
   491                           	global	stringdir,stringtab,__stringbase,string
                                 jmp
   492  0700                     stringtab:
   493  0700  00FE               	movwf	(btemp)&07Fh
   494  0701  1FFE               	btfss	(btemp)&07Fh,7
   495  0702  2F08               	goto	stringcode
   496  0703  1383               	bcf	status,7
   497  0704  187E               	btfsc	btemp&7Fh,0
   498  0705  1783               	bsf	status,7
   499  0706  0800               	movf	indf,w
   500  0707  0008               	return
   501  0708                     stringcode:
   502  0708  0804               	movf	fsr,w
   503  0709                     stringdir:
   504  0709  00FE               movwf btemp&07Fh
   505  070A  3007               movlw high(stringdir)
   506  070B  008A               movwf pclath
   507  070C  087E               movf btemp&07Fh,w
   508  070D                     stringjmp:
   509  070D  0782               	addwf pc
   510  070E                     __stringbase:
   511  070E  3400               	retlw	0
   512                           	global	_ADCON0
   513                           	global	_ADCON0
   514  0000                     	_ADCON0	set	0x1F
   515                           
   516                           	global	_ADCON1
   517                           	global	_ADCON1
   518  0000                     	_ADCON1	set	0x9F
   519                           
   520                           	global	_ADRESH
   521                           	global	_ADRESH
   522  0000                     	_ADRESH	set	0x1E
   523                           
   524                           	global	_ADRESL
   525                           	global	_ADRESL
   526  0000                     	_ADRESL	set	0x9E
   527                           
   528                           	global	_CCP1CON
   529                           	global	_CCP1CON
   530  0000                     	_CCP1CON	set	0x17
   531                           
   532                           	global	_CCP2CON
   533                           	global	_CCP2CON
   534  0000                     	_CCP2CON	set	0x1D
   535                           
   536                           	global	_CCPR1H
   537                           	global	_CCPR1H
   538  0000                     	_CCPR1H	set	0x16
   539                           
   540                           	global	_CCPR1L
   541                           	global	_CCPR1L
   542  0000                     	_CCPR1L	set	0x15
   543                           
   544                           	global	_CCPR2H
   545                           	global	_CCPR2H
   546  0000                     	_CCPR2H	set	0x1C
   547                           
   548                           	global	_CCPR2L
   549                           	global	_CCPR2L
   550  0000                     	_CCPR2L	set	0x1B
   551                           
   552                           	global	_CMCON
   553                           	global	_CMCON
   554  0000                     	_CMCON	set	0x9C
   555                           
   556                           	global	_CVRCON
   557                           	global	_CVRCON
   558  0000                     	_CVRCON	set	0x9D
   559                           
   560                           	global	_EEADR
   561                           	global	_EEADR
   562  0000                     	_EEADR	set	0x10D
   563                           
   564                           	global	_EEADRH
   565                           	global	_EEADRH
   566  0000                     	_EEADRH	set	0x10F
   567                           
   568                           	global	_EEADRL
   569                           	global	_EEADRL
   570  0000                     	_EEADRL	set	0x10D
   571                           
   572                           	global	_EECON1
   573                           	global	_EECON1
   574  0000                     	_EECON1	set	0x18C
   575                           
   576                           	global	_EECON2
   577                           	global	_EECON2
   578  0000                     	_EECON2	set	0x18D
   579                           
   580                           	global	_EEDATA
   581                           	global	_EEDATA
   582  0000                     	_EEDATA	set	0x10C
   583                           
   584                           	global	_EEDATH
   585                           	global	_EEDATH
   586  0000                     	_EEDATH	set	0x10E
   587                           
   588                           	global	_FSR
   589                           	global	_FSR
   590  0000                     	_FSR	set	0x4
   591                           
   592                           	global	_INDF
   593                           	global	_INDF
   594  0000                     	_INDF	set	0x0
   595                           
   596                           	global	_INTCON
   597                           	global	_INTCON
   598  0000                     	_INTCON	set	0xB
   599                           
   600                           	global	_OPTION
   601                           	global	_OPTION
   602  0000                     	_OPTION	set	0x81
   603                           
   604                           	global	_PCL
   605                           	global	_PCL
   606  0000                     	_PCL	set	0x2
   607                           
   608                           	global	_PCLATH
   609                           	global	_PCLATH
   610  0000                     	_PCLATH	set	0xA
   611                           
   612                           	global	_PCON
   613                           	global	_PCON
   614  0000                     	_PCON	set	0x8E
   615                           
   616                           	global	_PIE1
   617                           	global	_PIE1
   618  0000                     	_PIE1	set	0x8C
   619                           
   620                           	global	_PIE2
   621                           	global	_PIE2
   622  0000                     	_PIE2	set	0x8D
   623                           
   624                           	global	_PIR1
   625                           	global	_PIR1
   626  0000                     	_PIR1	set	0xC
   627                           
   628                           	global	_PIR2
   629                           	global	_PIR2
   630  0000                     	_PIR2	set	0xD
   631                           
   632                           	global	_PORTA
   633                           	global	_PORTA
   634  0000                     	_PORTA	set	0x5
   635                           
   636                           	global	_PORTB
   637                           	global	_PORTB
   638  0000                     	_PORTB	set	0x6
   639                           
   640                           	global	_PORTC
   641  0000                     	_PORTC	set	0x7
   642                           
   643                           	global	_PORTD
   644  0000                     	_PORTD	set	0x8
   645                           
   646                           	global	_PORTE
   647                           	global	_PORTE
   648  0000                     	_PORTE	set	0x9
   649                           
   650                           	global	_PR2
   651                           	global	_PR2
   652  0000                     	_PR2	set	0x92
   653                           
   654                           	global	_RCREG
   655                           	global	_RCREG
   656  0000                     	_RCREG	set	0x1A
   657                           
   658                           	global	_RCSTA
   659                           	global	_RCSTA
   660  0000                     	_RCSTA	set	0x18
   661                           
   662                           	global	_SPBRG
   663                           	global	_SPBRG
   664  0000                     	_SPBRG	set	0x99
   665                           
   666                           	global	_SSPADD
   667                           	global	_SSPADD
   668  0000                     	_SSPADD	set	0x93
   669                           
   670                           	global	_SSPBUF
   671                           	global	_SSPBUF
   672  0000                     	_SSPBUF	set	0x13
   673                           
   674                           	global	_SSPCON
   675                           	global	_SSPCON
   676  0000                     	_SSPCON	set	0x14
   677                           
   678                           	global	_SSPCON2
   679                           	global	_SSPCON2
   680  0000                     	_SSPCON2	set	0x91
   681                           
   682                           	global	_SSPSTAT
   683                           	global	_SSPSTAT
   684  0000                     	_SSPSTAT	set	0x94
   685                           
   686                           	global	_STATUS
   687                           	global	_STATUS
   688  0000                     	_STATUS	set	0x3
   689                           
   690                           	global	_T1CON
   691                           	global	_T1CON
   692  0000                     	_T1CON	set	0x10
   693                           
   694                           	global	_T2CON
   695                           	global	_T2CON
   696  0000                     	_T2CON	set	0x12
   697                           
   698                           	global	_TMR0
   699                           	global	_TMR0
   700  0000                     	_TMR0	set	0x1
   701                           
   702                           	global	_TMR1H
   703                           	global	_TMR1H
   704  0000                     	_TMR1H	set	0xF
   705                           
   706                           	global	_TMR1L
   707                           	global	_TMR1L
   708  0000                     	_TMR1L	set	0xE
   709                           
   710                           	global	_TMR2
   711                           	global	_TMR2
   712  0000                     	_TMR2	set	0x11
   713                           
   714                           	global	_TRISA
   715                           	global	_TRISA
   716  0000                     	_TRISA	set	0x85
   717                           
   718                           	global	_TRISB
   719                           	global	_TRISB
   720  0000                     	_TRISB	set	0x86
   721                           
   722                           	global	_TRISC
   723  0000                     	_TRISC	set	0x87
   724                           
   725                           	global	_TRISD
   726  0000                     	_TRISD	set	0x88
   727                           
   728                           	global	_TRISE
   729                           	global	_TRISE
   730  0000                     	_TRISE	set	0x89
   731                           
   732                           	global	_TXREG
   733                           	global	_TXREG
   734  0000                     	_TXREG	set	0x19
   735                           
   736                           	global	_TXSTA
   737                           	global	_TXSTA
   738  0000                     	_TXSTA	set	0x98
   739                           
   740                           	global	_ACKDT
   741                           	global	_ACKDT
   742  0000                     	_ACKDT	set	0x48D	;byte address: 0x91
   743                           
   744                           	global	_ACKEN
   745                           	global	_ACKEN
   746  0000                     	_ACKEN	set	0x48C	;byte address: 0x91
   747                           
   748                           	global	_ACKSTAT
   749                           	global	_ACKSTAT
   750  0000                     	_ACKSTAT	set	0x48E	;byte address: 0x91
   751                           
   752                           	global	_ADCS0
   753                           	global	_ADCS0
   754  0000                     	_ADCS0	set	0xFE	;byte address: 0x1F
   755                           
   756                           	global	_ADCS1
   757                           	global	_ADCS1
   758  0000                     	_ADCS1	set	0xFF	;byte address: 0x1F
   759                           
   760                           	global	_ADCS2
   761                           	global	_ADCS2
   762  0000                     	_ADCS2	set	0x4FE	;byte address: 0x9F
   763                           
   764                           	global	_ADDEN
   765                           	global	_ADDEN
   766  0000                     	_ADDEN	set	0xC3	;byte address: 0x18
   767                           
   768                           	global	_ADFM
   769                           	global	_ADFM
   770  0000                     	_ADFM	set	0x4FF	;byte address: 0x9F
   771                           
   772                           	global	_ADGO
   773                           	global	_ADGO
   774  0000                     	_ADGO	set	0xFA	;byte address: 0x1F
   775                           
   776                           	global	_ADIE
   777                           	global	_ADIE
   778  0000                     	_ADIE	set	0x466	;byte address: 0x8C
   779                           
   780                           	global	_ADIF
   781                           	global	_ADIF
   782  0000                     	_ADIF	set	0x66	;byte address: 0xC
   783                           
   784                           	global	_ADON
   785                           	global	_ADON
   786  0000                     	_ADON	set	0xF8	;byte address: 0x1F
   787                           
   788                           	global	_BCLIE
   789                           	global	_BCLIE
   790  0000                     	_BCLIE	set	0x46B	;byte address: 0x8D
   791                           
   792                           	global	_BCLIF
   793                           	global	_BCLIF
   794  0000                     	_BCLIF	set	0x6B	;byte address: 0xD
   795                           
   796                           	global	_BF
   797                           	global	_BF
   798  0000                     	_BF	set	0x4A0	;byte address: 0x94
   799                           
   800                           	global	_BOR
   801                           	global	_BOR
   802  0000                     	_BOR	set	0x470	;byte address: 0x8E
   803                           
   804                           	global	_BRGH
   805                           	global	_BRGH
   806  0000                     	_BRGH	set	0x4C2	;byte address: 0x98
   807                           
   808                           	global	_C1INV
   809                           	global	_C1INV
   810  0000                     	_C1INV	set	0x4E4	;byte address: 0x9C
   811                           
   812                           	global	_C1OUT
   813                           	global	_C1OUT
   814  0000                     	_C1OUT	set	0x4E6	;byte address: 0x9C
   815                           
   816                           	global	_C2INV
   817                           	global	_C2INV
   818  0000                     	_C2INV	set	0x4E5	;byte address: 0x9C
   819                           
   820                           	global	_C2OUT
   821                           	global	_C2OUT
   822  0000                     	_C2OUT	set	0x4E7	;byte address: 0x9C
   823                           
   824                           	global	_CARRY
   825                           	global	_CARRY
   826  0000                     	_CARRY	set	0x18	;byte address: 0x3
   827                           
   828                           	global	_CCP1IE
   829                           	global	_CCP1IE
   830  0000                     	_CCP1IE	set	0x462	;byte address: 0x8C
   831                           
   832                           	global	_CCP1IF
   833                           	global	_CCP1IF
   834  0000                     	_CCP1IF	set	0x62	;byte address: 0xC
   835                           
   836                           	global	_CCP1M0
   837                           	global	_CCP1M0
   838  0000                     	_CCP1M0	set	0xB8	;byte address: 0x17
   839                           
   840                           	global	_CCP1M1
   841                           	global	_CCP1M1
   842  0000                     	_CCP1M1	set	0xB9	;byte address: 0x17
   843                           
   844                           	global	_CCP1M2
   845                           	global	_CCP1M2
   846  0000                     	_CCP1M2	set	0xBA	;byte address: 0x17
   847                           
   848                           	global	_CCP1M3
   849                           	global	_CCP1M3
   850  0000                     	_CCP1M3	set	0xBB	;byte address: 0x17
   851                           
   852                           	global	_CCP1X
   853                           	global	_CCP1X
   854  0000                     	_CCP1X	set	0xBD	;byte address: 0x17
   855                           
   856                           	global	_CCP1Y
   857                           	global	_CCP1Y
   858  0000                     	_CCP1Y	set	0xBC	;byte address: 0x17
   859                           
   860                           	global	_CCP2IE
   861                           	global	_CCP2IE
   862  0000                     	_CCP2IE	set	0x468	;byte address: 0x8D
   863                           
   864                           	global	_CCP2IF
   865                           	global	_CCP2IF
   866  0000                     	_CCP2IF	set	0x68	;byte address: 0xD
   867                           
   868                           	global	_CCP2M0
   869                           	global	_CCP2M0
   870  0000                     	_CCP2M0	set	0xE8	;byte address: 0x1D
   871                           
   872                           	global	_CCP2M1
   873                           	global	_CCP2M1
   874  0000                     	_CCP2M1	set	0xE9	;byte address: 0x1D
   875                           
   876                           	global	_CCP2M2
   877                           	global	_CCP2M2
   878  0000                     	_CCP2M2	set	0xEA	;byte address: 0x1D
   879                           
   880                           	global	_CCP2M3
   881                           	global	_CCP2M3
   882  0000                     	_CCP2M3	set	0xEB	;byte address: 0x1D
   883                           
   884                           	global	_CCP2X
   885                           	global	_CCP2X
   886  0000                     	_CCP2X	set	0xED	;byte address: 0x1D
   887                           
   888                           	global	_CCP2Y
   889                           	global	_CCP2Y
   890  0000                     	_CCP2Y	set	0xEC	;byte address: 0x1D
   891                           
   892                           	global	_CHS0
   893                           	global	_CHS0
   894  0000                     	_CHS0	set	0xFB	;byte address: 0x1F
   895                           
   896                           	global	_CHS1
   897                           	global	_CHS1
   898  0000                     	_CHS1	set	0xFC	;byte address: 0x1F
   899                           
   900                           	global	_CHS2
   901                           	global	_CHS2
   902  0000                     	_CHS2	set	0xFD	;byte address: 0x1F
   903                           
   904                           	global	_CIS
   905                           	global	_CIS
   906  0000                     	_CIS	set	0x4E3	;byte address: 0x9C
   907                           
   908                           	global	_CKE
   909                           	global	_CKE
   910  0000                     	_CKE	set	0x4A6	;byte address: 0x94
   911                           
   912                           	global	_CKP
   913                           	global	_CKP
   914  0000                     	_CKP	set	0xA4	;byte address: 0x14
   915                           
   916                           	global	_CM0
   917                           	global	_CM0
   918  0000                     	_CM0	set	0x4E0	;byte address: 0x9C
   919                           
   920                           	global	_CM1
   921                           	global	_CM1
   922  0000                     	_CM1	set	0x4E1	;byte address: 0x9C
   923                           
   924                           	global	_CM2
   925                           	global	_CM2
   926  0000                     	_CM2	set	0x4E2	;byte address: 0x9C
   927                           
   928                           	global	_CMIE
   929                           	global	_CMIE
   930  0000                     	_CMIE	set	0x46E	;byte address: 0x8D
   931                           
   932                           	global	_CMIF
   933                           	global	_CMIF
   934  0000                     	_CMIF	set	0x6E	;byte address: 0xD
   935                           
   936                           	global	_CREN
   937                           	global	_CREN
   938  0000                     	_CREN	set	0xC4	;byte address: 0x18
   939                           
   940                           	global	_CSRC
   941                           	global	_CSRC
   942  0000                     	_CSRC	set	0x4C7	;byte address: 0x98
   943                           
   944                           	global	_CVR0
   945                           	global	_CVR0
   946  0000                     	_CVR0	set	0x4E8	;byte address: 0x9D
   947                           
   948                           	global	_CVR1
   949                           	global	_CVR1
   950  0000                     	_CVR1	set	0x4E9	;byte address: 0x9D
   951                           
   952                           	global	_CVR2
   953                           	global	_CVR2
   954  0000                     	_CVR2	set	0x4EA	;byte address: 0x9D
   955                           
   956                           	global	_CVR3
   957                           	global	_CVR3
   958  0000                     	_CVR3	set	0x4EB	;byte address: 0x9D
   959                           
   960                           	global	_CVREN
   961                           	global	_CVREN
   962  0000                     	_CVREN	set	0x4EF	;byte address: 0x9D
   963                           
   964                           	global	_CVROE
   965                           	global	_CVROE
   966  0000                     	_CVROE	set	0x4EE	;byte address: 0x9D
   967                           
   968                           	global	_CVRR
   969                           	global	_CVRR
   970  0000                     	_CVRR	set	0x4ED	;byte address: 0x9D
   971                           
   972                           	global	_DA
   973                           	global	_DA
   974  0000                     	_DA	set	0x4A5	;byte address: 0x94
   975                           
   976                           	global	_DC
   977                           	global	_DC
   978  0000                     	_DC	set	0x19	;byte address: 0x3
   979                           
   980                           	global	_EEIE
   981                           	global	_EEIE
   982  0000                     	_EEIE	set	0x46C	;byte address: 0x8D
   983                           
   984                           	global	_EEIF
   985                           	global	_EEIF
   986  0000                     	_EEIF	set	0x6C	;byte address: 0xD
   987                           
   988                           	global	_EEPGD
   989                           	global	_EEPGD
   990  0000                     	_EEPGD	set	0xC67	;byte address: 0x18C
   991                           
   992                           	global	_FERR
   993                           	global	_FERR
   994  0000                     	_FERR	set	0xC2	;byte address: 0x18
   995                           
   996                           	global	_GCEN
   997                           	global	_GCEN
   998  0000                     	_GCEN	set	0x48F	;byte address: 0x91
   999                           
  1000                           	global	_GIE
  1001                           	global	_GIE
  1002  0000                     	_GIE	set	0x5F	;byte address: 0xB
  1003                           
  1004                           	global	_GODONE
  1005                           	global	_GODONE
  1006  0000                     	_GODONE	set	0xFA	;byte address: 0x1F
  1007                           
  1008                           	global	_IBF
  1009                           	global	_IBF
  1010  0000                     	_IBF	set	0x44F	;byte address: 0x89
  1011                           
  1012                           	global	_IBOV
  1013                           	global	_IBOV
  1014  0000                     	_IBOV	set	0x44D	;byte address: 0x89
  1015                           
  1016                           	global	_INTE
  1017                           	global	_INTE
  1018  0000                     	_INTE	set	0x5C	;byte address: 0xB
  1019                           
  1020                           	global	_INTEDG
  1021                           	global	_INTEDG
  1022  0000                     	_INTEDG	set	0x40E	;byte address: 0x81
  1023                           
  1024                           	global	_INTF
  1025                           	global	_INTF
  1026  0000                     	_INTF	set	0x59	;byte address: 0xB
  1027                           
  1028                           	global	_IRP
  1029                           	global	_IRP
  1030  0000                     	_IRP	set	0x1F	;byte address: 0x3
  1031                           
  1032                           	global	_OBF
  1033                           	global	_OBF
  1034  0000                     	_OBF	set	0x44E	;byte address: 0x89
  1035                           
  1036                           	global	_OERR
  1037                           	global	_OERR
  1038  0000                     	_OERR	set	0xC1	;byte address: 0x18
  1039                           
  1040                           	global	_PCFG0
  1041                           	global	_PCFG0
  1042  0000                     	_PCFG0	set	0x4F8	;byte address: 0x9F
  1043                           
  1044                           	global	_PCFG1
  1045                           	global	_PCFG1
  1046  0000                     	_PCFG1	set	0x4F9	;byte address: 0x9F
  1047                           
  1048                           	global	_PCFG2
  1049                           	global	_PCFG2
  1050  0000                     	_PCFG2	set	0x4FA	;byte address: 0x9F
  1051                           
  1052                           	global	_PCFG3
  1053                           	global	_PCFG3
  1054  0000                     	_PCFG3	set	0x4FB	;byte address: 0x9F
  1055                           
  1056                           	global	_PD
  1057                           	global	_PD
  1058  0000                     	_PD	set	0x1B	;byte address: 0x3
  1059                           
  1060                           	global	_PEIE
  1061                           	global	_PEIE
  1062  0000                     	_PEIE	set	0x5E	;byte address: 0xB
  1063                           
  1064                           	global	_PEN
  1065                           	global	_PEN
  1066  0000                     	_PEN	set	0x48A	;byte address: 0x91
  1067                           
  1068                           	global	_POR
  1069                           	global	_POR
  1070  0000                     	_POR	set	0x471	;byte address: 0x8E
  1071                           
  1072                           	global	_PS0
  1073                           	global	_PS0
  1074  0000                     	_PS0	set	0x408	;byte address: 0x81
  1075                           
  1076                           	global	_PS1
  1077                           	global	_PS1
  1078  0000                     	_PS1	set	0x409	;byte address: 0x81
  1079                           
  1080                           	global	_PS2
  1081                           	global	_PS2
  1082  0000                     	_PS2	set	0x40A	;byte address: 0x81
  1083                           
  1084                           	global	_PSA
  1085                           	global	_PSA
  1086  0000                     	_PSA	set	0x40B	;byte address: 0x81
  1087                           
  1088                           	global	_PSPIE
  1089                           	global	_PSPIE
  1090  0000                     	_PSPIE	set	0x467	;byte address: 0x8C
  1091                           
  1092                           	global	_PSPIF
  1093                           	global	_PSPIF
  1094  0000                     	_PSPIF	set	0x67	;byte address: 0xC
  1095                           
  1096                           	global	_PSPMODE
  1097                           	global	_PSPMODE
  1098  0000                     	_PSPMODE	set	0x44C	;byte address: 0x89
  1099                           
  1100                           	global	_RA0
  1101                           	global	_RA0
  1102  0000                     	_RA0	set	0x28	;byte address: 0x5
  1103                           
  1104                           	global	_RA1
  1105                           	global	_RA1
  1106  0000                     	_RA1	set	0x29	;byte address: 0x5
  1107                           
  1108                           	global	_RA2
  1109                           	global	_RA2
  1110  0000                     	_RA2	set	0x2A	;byte address: 0x5
  1111                           
  1112                           	global	_RA3
  1113                           	global	_RA3
  1114  0000                     	_RA3	set	0x2B	;byte address: 0x5
  1115                           
  1116                           	global	_RA4
  1117                           	global	_RA4
  1118  0000                     	_RA4	set	0x2C	;byte address: 0x5
  1119                           
  1120                           	global	_RA5
  1121                           	global	_RA5
  1122  0000                     	_RA5	set	0x2D	;byte address: 0x5
  1123                           
  1124                           	global	_RB0
  1125                           	global	_RB0
  1126  0000                     	_RB0	set	0x30	;byte address: 0x6
  1127                           
  1128                           	global	_RB1
  1129                           	global	_RB1
  1130  0000                     	_RB1	set	0x31	;byte address: 0x6
  1131                           
  1132                           	global	_RB2
  1133                           	global	_RB2
  1134  0000                     	_RB2	set	0x32	;byte address: 0x6
  1135                           
  1136                           	global	_RB3
  1137                           	global	_RB3
  1138  0000                     	_RB3	set	0x33	;byte address: 0x6
  1139                           
  1140                           	global	_RB4
  1141                           	global	_RB4
  1142  0000                     	_RB4	set	0x34	;byte address: 0x6
  1143                           
  1144                           	global	_RB5
  1145                           	global	_RB5
  1146  0000                     	_RB5	set	0x35	;byte address: 0x6
  1147                           
  1148                           	global	_RB6
  1149                           	global	_RB6
  1150  0000                     	_RB6	set	0x36	;byte address: 0x6
  1151                           
  1152                           	global	_RB7
  1153                           	global	_RB7
  1154  0000                     	_RB7	set	0x37	;byte address: 0x6
  1155                           
  1156                           	global	_RBIE
  1157                           	global	_RBIE
  1158  0000                     	_RBIE	set	0x5B	;byte address: 0xB
  1159                           
  1160                           	global	_RBIF
  1161                           	global	_RBIF
  1162  0000                     	_RBIF	set	0x58	;byte address: 0xB
  1163                           
  1164                           	global	_RBPU
  1165                           	global	_RBPU
  1166  0000                     	_RBPU	set	0x40F	;byte address: 0x81
  1167                           
  1168                           	global	_RC0
  1169  0000                     	_RC0	set	0x38	;byte address: 0x7
  1170                           
  1171                           	global	_RC1
  1172  0000                     	_RC1	set	0x39	;byte address: 0x7
  1173                           
  1174                           	global	_RC2
  1175  0000                     	_RC2	set	0x3A	;byte address: 0x7
  1176                           
  1177                           	global	_RC3
  1178                           	global	_RC3
  1179  0000                     	_RC3	set	0x3B	;byte address: 0x7
  1180                           
  1181                           	global	_RC4
  1182                           	global	_RC4
  1183  0000                     	_RC4	set	0x3C	;byte address: 0x7
  1184                           
  1185                           	global	_RC5
  1186                           	global	_RC5
  1187  0000                     	_RC5	set	0x3D	;byte address: 0x7
  1188                           
  1189                           	global	_RC6
  1190                           	global	_RC6
  1191  0000                     	_RC6	set	0x3E	;byte address: 0x7
  1192                           
  1193                           	global	_RC7
  1194                           	global	_RC7
  1195  0000                     	_RC7	set	0x3F	;byte address: 0x7
  1196                           
  1197                           	global	_RCEN
  1198                           	global	_RCEN
  1199  0000                     	_RCEN	set	0x48B	;byte address: 0x91
  1200                           
  1201                           	global	_RCIE
  1202                           	global	_RCIE
  1203  0000                     	_RCIE	set	0x465	;byte address: 0x8C
  1204                           
  1205                           	global	_RCIF
  1206                           	global	_RCIF
  1207  0000                     	_RCIF	set	0x65	;byte address: 0xC
  1208                           
  1209                           	global	_RD
  1210                           	global	_RD
  1211  0000                     	_RD	set	0xC60	;byte address: 0x18C
  1212                           
  1213                           	global	_RD0
  1214                           	global	_RD0
  1215  0000                     	_RD0	set	0x40	;byte address: 0x8
  1216                           
  1217                           	global	_RD1
  1218                           	global	_RD1
  1219  0000                     	_RD1	set	0x41	;byte address: 0x8
  1220                           
  1221                           	global	_RD2
  1222                           	global	_RD2
  1223  0000                     	_RD2	set	0x42	;byte address: 0x8
  1224                           
  1225                           	global	_RD3
  1226                           	global	_RD3
  1227  0000                     	_RD3	set	0x43	;byte address: 0x8
  1228                           
  1229                           	global	_RD4
  1230                           	global	_RD4
  1231  0000                     	_RD4	set	0x44	;byte address: 0x8
  1232                           
  1233                           	global	_RD5
  1234                           	global	_RD5
  1235  0000                     	_RD5	set	0x45	;byte address: 0x8
  1236                           
  1237                           	global	_RD6
  1238                           	global	_RD6
  1239  0000                     	_RD6	set	0x46	;byte address: 0x8
  1240                           
  1241                           	global	_RD7
  1242                           	global	_RD7
  1243  0000                     	_RD7	set	0x47	;byte address: 0x8
  1244                           
  1245                           	global	_RE0
  1246                           	global	_RE0
  1247  0000                     	_RE0	set	0x48	;byte address: 0x9
  1248                           
  1249                           	global	_RE1
  1250                           	global	_RE1
  1251  0000                     	_RE1	set	0x49	;byte address: 0x9
  1252                           
  1253                           	global	_RE2
  1254                           	global	_RE2
  1255  0000                     	_RE2	set	0x4A	;byte address: 0x9
  1256                           
  1257                           	global	_RP0
  1258                           	global	_RP0
  1259  0000                     	_RP0	set	0x1D	;byte address: 0x3
  1260                           
  1261                           	global	_RP1
  1262                           	global	_RP1
  1263  0000                     	_RP1	set	0x1E	;byte address: 0x3
  1264                           
  1265                           	global	_RSEN
  1266                           	global	_RSEN
  1267  0000                     	_RSEN	set	0x489	;byte address: 0x91
  1268                           
  1269                           	global	_RW
  1270                           	global	_RW
  1271  0000                     	_RW	set	0x4A2	;byte address: 0x94
  1272                           
  1273                           	global	_RX9
  1274                           	global	_RX9
  1275  0000                     	_RX9	set	0xC6	;byte address: 0x18
  1276                           
  1277                           	global	_RX9D
  1278                           	global	_RX9D
  1279  0000                     	_RX9D	set	0xC0	;byte address: 0x18
  1280                           
  1281                           	global	_SEN
  1282                           	global	_SEN
  1283  0000                     	_SEN	set	0x488	;byte address: 0x91
  1284                           
  1285                           	global	_SMP
  1286                           	global	_SMP
  1287  0000                     	_SMP	set	0x4A7	;byte address: 0x94
  1288                           
  1289                           	global	_SPEN
  1290                           	global	_SPEN
  1291  0000                     	_SPEN	set	0xC7	;byte address: 0x18
  1292                           
  1293                           	global	_SREN
  1294                           	global	_SREN
  1295  0000                     	_SREN	set	0xC5	;byte address: 0x18
  1296                           
  1297                           	global	_SSPEN
  1298                           	global	_SSPEN
  1299  0000                     	_SSPEN	set	0xA5	;byte address: 0x14
  1300                           
  1301                           	global	_SSPIE
  1302                           	global	_SSPIE
  1303  0000                     	_SSPIE	set	0x463	;byte address: 0x8C
  1304                           
  1305                           	global	_SSPIF
  1306                           	global	_SSPIF
  1307  0000                     	_SSPIF	set	0x63	;byte address: 0xC
  1308                           
  1309                           	global	_SSPM0
  1310                           	global	_SSPM0
  1311  0000                     	_SSPM0	set	0xA0	;byte address: 0x14
  1312                           
  1313                           	global	_SSPM1
  1314                           	global	_SSPM1
  1315  0000                     	_SSPM1	set	0xA1	;byte address: 0x14
  1316                           
  1317                           	global	_SSPM2
  1318                           	global	_SSPM2
  1319  0000                     	_SSPM2	set	0xA2	;byte address: 0x14
  1320                           
  1321                           	global	_SSPM3
  1322                           	global	_SSPM3
  1323  0000                     	_SSPM3	set	0xA3	;byte address: 0x14
  1324                           
  1325                           	global	_SSPOV
  1326                           	global	_SSPOV
  1327  0000                     	_SSPOV	set	0xA6	;byte address: 0x14
  1328                           
  1329                           	global	_START
  1330                           	global	_START
  1331  0000                     	_START	set	0x4A3	;byte address: 0x94
  1332                           
  1333                           	global	_STOP
  1334                           	global	_STOP
  1335  0000                     	_STOP	set	0x4A4	;byte address: 0x94
  1336                           
  1337                           	global	_SYNC
  1338                           	global	_SYNC
  1339  0000                     	_SYNC	set	0x4C4	;byte address: 0x98
  1340                           
  1341                           	global	_T0CS
  1342                           	global	_T0CS
  1343  0000                     	_T0CS	set	0x40D	;byte address: 0x81
  1344                           
  1345                           	global	_T0IE
  1346                           	global	_T0IE
  1347  0000                     	_T0IE	set	0x5D	;byte address: 0xB
  1348                           
  1349                           	global	_T0IF
  1350                           	global	_T0IF
  1351  0000                     	_T0IF	set	0x5A	;byte address: 0xB
  1352                           
  1353                           	global	_T0SE
  1354                           	global	_T0SE
  1355  0000                     	_T0SE	set	0x40C	;byte address: 0x81
  1356                           
  1357                           	global	_T1CKPS0
  1358                           	global	_T1CKPS0
  1359  0000                     	_T1CKPS0	set	0x84	;byte address: 0x10
  1360                           
  1361                           	global	_T1CKPS1
  1362                           	global	_T1CKPS1
  1363  0000                     	_T1CKPS1	set	0x85	;byte address: 0x10
  1364                           
  1365                           	global	_T1OSCEN
  1366                           	global	_T1OSCEN
  1367  0000                     	_T1OSCEN	set	0x83	;byte address: 0x10
  1368                           
  1369                           	global	_T1SYNC
  1370                           	global	_T1SYNC
  1371  0000                     	_T1SYNC	set	0x82	;byte address: 0x10
  1372                           
  1373                           	global	_T2CKPS0
  1374                           	global	_T2CKPS0
  1375  0000                     	_T2CKPS0	set	0x90	;byte address: 0x12
  1376                           
  1377                           	global	_T2CKPS1
  1378                           	global	_T2CKPS1
  1379  0000                     	_T2CKPS1	set	0x91	;byte address: 0x12
  1380                           
  1381                           	global	_TMR0IE
  1382                           	global	_TMR0IE
  1383  0000                     	_TMR0IE	set	0x5D	;byte address: 0xB
  1384                           
  1385                           	global	_TMR0IF
  1386                           	global	_TMR0IF
  1387  0000                     	_TMR0IF	set	0x5A	;byte address: 0xB
  1388                           
  1389                           	global	_TMR1CS
  1390                           	global	_TMR1CS
  1391  0000                     	_TMR1CS	set	0x81	;byte address: 0x10
  1392                           
  1393                           	global	_TMR1IE
  1394                           	global	_TMR1IE
  1395  0000                     	_TMR1IE	set	0x460	;byte address: 0x8C
  1396                           
  1397                           	global	_TMR1IF
  1398                           	global	_TMR1IF
  1399  0000                     	_TMR1IF	set	0x60	;byte address: 0xC
  1400                           
  1401                           	global	_TMR1ON
  1402                           	global	_TMR1ON
  1403  0000                     	_TMR1ON	set	0x80	;byte address: 0x10
  1404                           
  1405                           	global	_TMR2IE
  1406                           	global	_TMR2IE
  1407  0000                     	_TMR2IE	set	0x461	;byte address: 0x8C
  1408                           
  1409                           	global	_TMR2IF
  1410                           	global	_TMR2IF
  1411  0000                     	_TMR2IF	set	0x61	;byte address: 0xC
  1412                           
  1413                           	global	_TMR2ON
  1414                           	global	_TMR2ON
  1415  0000                     	_TMR2ON	set	0x92	;byte address: 0x12
  1416                           
  1417                           	global	_TO
  1418                           	global	_TO
  1419  0000                     	_TO	set	0x1C	;byte address: 0x3
  1420                           
  1421                           	global	_TOUTPS0
  1422                           	global	_TOUTPS0
  1423  0000                     	_TOUTPS0	set	0x93	;byte address: 0x12
  1424                           
  1425                           	global	_TOUTPS1
  1426                           	global	_TOUTPS1
  1427  0000                     	_TOUTPS1	set	0x94	;byte address: 0x12
  1428                           
  1429                           	global	_TOUTPS2
  1430                           	global	_TOUTPS2
  1431  0000                     	_TOUTPS2	set	0x95	;byte address: 0x12
  1432                           
  1433                           	global	_TOUTPS3
  1434                           	global	_TOUTPS3
  1435  0000                     	_TOUTPS3	set	0x96	;byte address: 0x12
  1436                           
  1437                           	global	_TRISA0
  1438                           	global	_TRISA0
  1439  0000                     	_TRISA0	set	0x428	;byte address: 0x85
  1440                           
  1441                           	global	_TRISA1
  1442                           	global	_TRISA1
  1443  0000                     	_TRISA1	set	0x429	;byte address: 0x85
  1444                           
  1445                           	global	_TRISA2
  1446                           	global	_TRISA2
  1447  0000                     	_TRISA2	set	0x42A	;byte address: 0x85
  1448                           
  1449                           	global	_TRISA3
  1450                           	global	_TRISA3
  1451  0000                     	_TRISA3	set	0x42B	;byte address: 0x85
  1452                           
  1453                           	global	_TRISA4
  1454                           	global	_TRISA4
  1455  0000                     	_TRISA4	set	0x42C	;byte address: 0x85
  1456                           
  1457                           	global	_TRISA5
  1458                           	global	_TRISA5
  1459  0000                     	_TRISA5	set	0x42D	;byte address: 0x85
  1460                           
  1461                           	global	_TRISB0
  1462                           	global	_TRISB0
  1463  0000                     	_TRISB0	set	0x430	;byte address: 0x86
  1464                           
  1465                           	global	_TRISB1
  1466                           	global	_TRISB1
  1467  0000                     	_TRISB1	set	0x431	;byte address: 0x86
  1468                           
  1469                           	global	_TRISB2
  1470                           	global	_TRISB2
  1471  0000                     	_TRISB2	set	0x432	;byte address: 0x86
  1472                           
  1473                           	global	_TRISB3
  1474                           	global	_TRISB3
  1475  0000                     	_TRISB3	set	0x433	;byte address: 0x86
  1476                           
  1477                           	global	_TRISB4
  1478                           	global	_TRISB4
  1479  0000                     	_TRISB4	set	0x434	;byte address: 0x86
  1480                           
  1481                           	global	_TRISB5
  1482                           	global	_TRISB5
  1483  0000                     	_TRISB5	set	0x435	;byte address: 0x86
  1484                           
  1485                           	global	_TRISB6
  1486                           	global	_TRISB6
  1487  0000                     	_TRISB6	set	0x436	;byte address: 0x86
  1488                           
  1489                           	global	_TRISB7
  1490                           	global	_TRISB7
  1491  0000                     	_TRISB7	set	0x437	;byte address: 0x86
  1492                           
  1493                           	global	_TRISC0
  1494                           	global	_TRISC0
  1495  0000                     	_TRISC0	set	0x438	;byte address: 0x87
  1496                           
  1497                           	global	_TRISC1
  1498                           	global	_TRISC1
  1499  0000                     	_TRISC1	set	0x439	;byte address: 0x87
  1500                           
  1501                           	global	_TRISC2
  1502                           	global	_TRISC2
  1503  0000                     	_TRISC2	set	0x43A	;byte address: 0x87
  1504                           
  1505                           	global	_TRISC3
  1506                           	global	_TRISC3
  1507  0000                     	_TRISC3	set	0x43B	;byte address: 0x87
  1508                           
  1509                           	global	_TRISC4
  1510                           	global	_TRISC4
  1511  0000                     	_TRISC4	set	0x43C	;byte address: 0x87
  1512                           
  1513                           	global	_TRISC5
  1514                           	global	_TRISC5
  1515  0000                     	_TRISC5	set	0x43D	;byte address: 0x87
  1516                           
  1517                           	global	_TRISC6
  1518                           	global	_TRISC6
  1519  0000                     	_TRISC6	set	0x43E	;byte address: 0x87
  1520                           
  1521                           	global	_TRISC7
  1522                           	global	_TRISC7
  1523  0000                     	_TRISC7	set	0x43F	;byte address: 0x87
  1524                           
  1525                           	global	_TRISD0
  1526                           	global	_TRISD0
  1527  0000                     	_TRISD0	set	0x440	;byte address: 0x88
  1528                           
  1529                           	global	_TRISD1
  1530                           	global	_TRISD1
  1531  0000                     	_TRISD1	set	0x441	;byte address: 0x88
  1532                           
  1533                           	global	_TRISD2
  1534                           	global	_TRISD2
  1535  0000                     	_TRISD2	set	0x442	;byte address: 0x88
  1536                           
  1537                           	global	_TRISD3
  1538                           	global	_TRISD3
  1539  0000                     	_TRISD3	set	0x443	;byte address: 0x88
  1540                           
  1541                           	global	_TRISD4
  1542                           	global	_TRISD4
  1543  0000                     	_TRISD4	set	0x444	;byte address: 0x88
  1544                           
  1545                           	global	_TRISD5
  1546                           	global	_TRISD5
  1547  0000                     	_TRISD5	set	0x445	;byte address: 0x88
  1548                           
  1549                           	global	_TRISD6
  1550                           	global	_TRISD6
  1551  0000                     	_TRISD6	set	0x446	;byte address: 0x88
  1552                           
  1553                           	global	_TRISD7
  1554                           	global	_TRISD7
  1555  0000                     	_TRISD7	set	0x447	;byte address: 0x88
  1556                           
  1557                           	global	_TRISE0
  1558                           	global	_TRISE0
  1559  0000                     	_TRISE0	set	0x448	;byte address: 0x89
  1560                           
  1561                           	global	_TRISE1
  1562                           	global	_TRISE1
  1563  0000                     	_TRISE1	set	0x449	;byte address: 0x89
  1564                           
  1565                           	global	_TRISE2
  1566                           	global	_TRISE2
  1567  0000                     	_TRISE2	set	0x44A	;byte address: 0x89
  1568                           
  1569                           	global	_TRMT
  1570                           	global	_TRMT
  1571  0000                     	_TRMT	set	0x4C1	;byte address: 0x98
  1572                           
  1573                           	global	_TX9
  1574                           	global	_TX9
  1575  0000                     	_TX9	set	0x4C6	;byte address: 0x98
  1576                           
  1577                           	global	_TX9D
  1578                           	global	_TX9D
  1579  0000                     	_TX9D	set	0x4C0	;byte address: 0x98
  1580                           
  1581                           	global	_TXEN
  1582                           	global	_TXEN
  1583  0000                     	_TXEN	set	0x4C5	;byte address: 0x98
  1584                           
  1585                           	global	_TXIE
  1586                           	global	_TXIE
  1587  0000                     	_TXIE	set	0x464	;byte address: 0x8C
  1588                           
  1589                           	global	_TXIF
  1590                           	global	_TXIF
  1591  0000                     	_TXIF	set	0x64	;byte address: 0xC
  1592                           
  1593                           	global	_UA
  1594                           	global	_UA
  1595  0000                     	_UA	set	0x4A1	;byte address: 0x94
  1596                           
  1597                           	global	_WCOL
  1598                           	global	_WCOL
  1599  0000                     	_WCOL	set	0xA7	;byte address: 0x14
  1600                           
  1601                           	global	_WR
  1602                           	global	_WR
  1603  0000                     	_WR	set	0xC61	;byte address: 0x18C
  1604                           
  1605                           	global	_WREN
  1606                           	global	_WREN
  1607  0000                     	_WREN	set	0xC62	;byte address: 0x18C
  1608                           
  1609                           	global	_WRERR
  1610                           	global	_WRERR
  1611  0000                     	_WRERR	set	0xC63	;byte address: 0x18C
  1612                           
  1613                           	global	_ZERO
  1614                           	global	_ZERO
  1615  0000                     	_ZERO	set	0x1A	;byte address: 0x3
  1616                           
  1617                           	
  1618  070F                     STR_1:	
  1619  070F  3459               	retlw	89	;'Y'
  1620  0710  3465               	retlw	101	;'e'
  1621  0711  3473               	retlw	115	;'s'
  1622  0712  3476               	retlw	118	;'v'
  1623  0713  3461               	retlw	97	;'a'
  1624  0714  346E               	retlw	110	;'n'
  1625  0715  3474               	retlw	116	;'t'
  1626  0716  3468               	retlw	104	;'h'
  1627  0717  3400               	retlw	0
  1628                           	
  1629  0718                     STR_2:	
  1630  0718  344B               	retlw	75	;'K'
  1631  0719  3472               	retlw	114	;'r'
  1632  071A  3469               	retlw	105	;'i'
  1633  071B  3473               	retlw	115	;'s'
  1634  071C  3468               	retlw	104	;'h'
  1635  071D  346E               	retlw	110	;'n'
  1636  071E  3461               	retlw	97	;'a'
  1637  071F  3400               	retlw	0
  1638                           	PSECT	fnautoc,class=COMMON,space=1
  1639                           	FNCONF	fnautoc,??,?
  1640                           
  1641                           	DABS	1,126,2	;btemp
  1642                           	global	btemp
  1643  0000                     	btemp set 07Eh
  1644                           	global	wtemp0
  1645  0000                     	wtemp0 set btemp
  1646                           	global	wtemp1
  1647  0000                     	wtemp1 set btemp+2
  1648                           	global	ttemp0
  1649  0000                     	ttemp0 set btemp
  1650                           	global	ltemp0
  1651  0000                     	ltemp0 set btemp
  1652                           apbank macro
  1653                           	; no bank selection necessary for common memor
                                 y
  1654  0070                     	endm


HI-TECH Software PICC Macro Assembler V9.65 build 4410 
Symbol Table                                          Sat Oct 28 11:31:18 2023

            l1 0770              l2 0760              l4 0770  
            l5 075E              l7 0749              l8 073E  
            l9 0725      __Lrdata_0 0000              pc 0002  
    __Lramdata 0000             l10 0749             l20 0025  
           _DA 04A5             _BF 04A0             _DC 0019  
           l19 004F             _PD 001B             _RD 0C60  
           _UA 04A1             u30 0770             u31 076F  
           u40 0749             u41 0748             u35 076C  
           _TO 001C             _RW 04A2             _WR 0C61  
           fsr 0004            _CM0 04E0            _CM1 04E1  
          _CM2 04E2            _CKE 04A6            _IBF 044F  
          _CIS 04E3            _CKP 00A4            _GIE 005F  
          _BOR 0470            _RA0 0028            _RA1 0029  
          _RB0 0030            _RA2 002A            _RB1 0031  
          _RA3 002B            _RC0 0038            _RB2 0032  
          _RA4 002C            _RC1 0039            _RB3 0033  
          _RA5 002D            _RD0 0040            _RC2 003A  
          _RB4 0034            _RD1 0041            _RC3 003B  
          _RB5 0035            _RE0 0048            _RD2 0042  
          _RC4 003C            _RB6 0036            _RE1 0049  
          _RD3 0043            _RC5 003D            _RB7 0037  
          _RE2 004A            _RD4 0044            _RC6 003E  
          _RD5 0045            _RC7 003F            _RD6 0046  
          _OBF 044E            _RD7 0047            _FSR 0004  
          _PCL 0002            _PS0 0408            _PR2 0092  
          _PS1 0409            _RP0 001D            _PS2 040A  
          _PEN 048A            _IRP 001F            _RP1 001E  
          _SEN 0488            _PSA 040B            _POR 0471  
          _RX9 00C6            _SMP 04A7            _TX9 04C6  
          _cmd 074A            indf 0000        ??_delay 0074  
         ?_cmd 0070           _ADIE 0466           _ADIF 0066  
         _ADFM 04FF           _ADGO 00FA       __tempreg 0070  
         _ADON 00F8           _CHS0 00FB           _CHS1 00FC  
         _CHS2 00FD           _EEIE 046C           _EEIF 006C  
         STR_1 070F           STR_2 0718           _GCEN 048F  
         _CMIE 046E           _CMIF 006E           _BRGH 04C2  
         _T0IE 005D           _T0IF 005A           _CREN 00C4  
         _T0CS 040D           _FERR 00C2           _IBOV 044D  
         _CVR0 04E8           _CVR1 04E9           _CVR2 04EA  
         _CVR3 04EB           _T0SE 040C           _CSRC 04C7  
         _INDF 0000           _PIE1 008C           _PIE2 008D  
         _CVRR 04ED           _PEIE 005E           _INTE 005C  
         _INTF 0059           _RBIE 005B           _RBIF 0058  
         _RCIE 0465           _RCIF 0065           _RCEN 048B  
         _PCON 008E           _PIR1 000C           _PIR2 000D  
         _OERR 00C1           _RBPU 040F           _RX9D 00C0  
         _TMR0 0001           _TMR2 0011           _WCOL 00A7  
         _SPEN 00C7           _RSEN 0489      __databank 0000  
         _TX9D 04C0           _SREN 00C5           _TRMT 04C1  
         _STOP 04A4           _ZERO 001A           _TXIE 0464  
         _WREN 0C62           _TXIF 0064           _TXEN 04C5  
         _SYNC 04C4           _data 0720           _main 0003  
         btemp 007E           start 0000          ??_cmd 0070  
    stringcode 0708        _CCP1CON 0017        _CCP2CON 001D  
      _ACKSTAT 048E          _C1INV 04E4          _C2INV 04E5  
        ?_data 0070          _C1OUT 04E6          _C2OUT 04E7  
        _ADCS0 00FE          _ADCS1 00FF          _ADCS2 04FE  
        _ADDEN 00C3          ?_main 0070          _ACKEN 048C  
        _ACKDT 048D          _BCLIE 046B          _BCLIF 006B  
        _CCP1X 00BD          _CCP1Y 00BC          _CCP2X 00ED  
        _CCP2Y 00EC          _EEADR 010D  __end_of_delay 0771  
        _CARRY 0018          _EEPGD 0C67          _CMCON 009C  
        _T1CON 0010          _T2CON 0012        _T1CKPS0 0084  
      _T1CKPS1 0085          _PCFG0 04F8          _PCFG1 04F9  
        _PCFG2 04FA          _PCFG3 04FB        _T2CKPS0 0090  
      _T2CKPS1 0091          _CVREN 04EF          _CVROE 04EE  
        _RCREG 001A          _RCSTA 0018          _TMR1H 000F  
        _TMR1L 000E          _SPBRG 0099          _PORTA 0005  
        _PORTB 0006        _T1OSCEN 0083          _PORTC 0007  
        _PORTD 0008          _PORTE 0009          _PSPIE 0467  
        _PSPIF 0067          _START 04A3          _SSPM0 00A0  
        _SSPM1 00A1          _SSPM2 00A2          _SSPM3 00A3  
        _TRISA 0085          _TRISB 0086          _TRISC 0087  
        _TRISD 0088          _SSPIE 0463          _TRISE 0089  
        _SSPIF 0063          _SSPEN 00A5          _SSPOV 00A6  
        _WRERR 0C63          _TXREG 0019          _TXSTA 0098  
        _cmd_b 0070          _delay 075F        _PSPMODE 044C  
      _SSPCON2 0091        _SSPSTAT 0094        _TOUTPS0 0093  
      _TOUTPS1 0094        _TOUTPS2 0095        _TOUTPS3 0096  
        pclath 000A          ltemp0 007E          ttemp0 007E  
        status 0003          wtemp0 007E          wtemp1 0080  
  __stringbase 070E         ??_data 0070        _delay_x 0072  
       ??_main 0070         ?_delay 0072       stringdir 0709  
     stringjmp 070D       stringtab 0700         _ADCON0 001F  
       _ADCON1 009F         _CCP1M0 00B8         _CCP1M1 00B9  
       _CCP1M2 00BA         _CCP1M3 00BB         _CCP2M0 00E8  
       _CCP2M1 00E9         _CCP2M2 00EA         _CCP2M3 00EB  
       _CCP1IE 0462         _CCP1IF 0062         _CCP2IE 0468  
       _CCP2IF 0068         _ADRESH 001E         _EEADRH 010F  
       _ADRESL 009E         _EEADRL 010D         _EEDATA 010C  
       _CCPR1H 0016         _EEDATH 010E         _CCPR2H 001C  
       _CCPR1L 0015         _CCPR2L 001B         _EECON1 018C  
       _EECON2 018D   __end_of_data 074A   __end_of_main 0053  
       _GODONE 00FA         _CVRCON 009D         _T1SYNC 0082  
       _INTEDG 040E         _PCLATH 000A         _INTCON 000B  
       _TMR0IE 005D         _TMR0IF 005A         _TMR1IE 0460  
       _TMR1IF 0060         _TMR1CS 0081         _TMR2IE 0461  
       _TMR2IF 0061         _TMR1ON 0080         _OPTION 0081  
       _TMR2ON 0092         _SSPADD 0093         _TRISA0 0428  
       _TRISA1 0429         _TRISB0 0430         _TRISA2 042A  
       _TRISB1 0431         _TRISA3 042B         _TRISC0 0438  
       _TRISB2 0432         _TRISA4 042C         _TRISC1 0439  
       _TRISB3 0433         _TRISA5 042D         _TRISD0 0440  
       _TRISC2 043A         _TRISB4 0434         _TRISD1 0441  
       _TRISC3 043B         _TRISB5 0435         _TRISE0 0448  
       _TRISD2 0442         _TRISC4 043C         _TRISB6 0436  
       _TRISE1 0449         _TRISD3 0443         _TRISC5 043D  
       _TRISB7 0437         _TRISE2 044A         _TRISD4 0444  
       _TRISC6 043E         _TRISD5 0445         _TRISC7 043F  
       _TRISD6 0446         _TRISD7 0447         _STATUS 0003  
       _SSPCON 0014         _SSPBUF 0013         _data_a 0070  
  __end_of_cmd 075F      __Hrdata_0 0001      __Hramdata 0001  
